<?xml version="1.0" encoding="UTF-8"?>
<testng-results skipped="0" failed="0" total="2" passed="2">
  <reporter-output>
  </reporter-output>
  <suite name="FREE CRM Application Test Automation Test Suite" duration-ms="68733" started-at="2020-08-12T16:32:06Z" finished-at="2020-08-12T16:33:15Z">
    <groups>
    </groups>
    <test name="Free CRM App Test Cases" duration-ms="68733" started-at="2020-08-12T16:32:06Z" finished-at="2020-08-12T16:33:15Z">
      <class name="com.crm.qa.testcases.LoginPageTest">
        <test-method status="PASS" signature="setUp()[pri:0, instance:com.crm.qa.testcases.LoginPageTest@6d00a15d]" name="setUp" is-config="true" duration-ms="30631" started-at="2020-08-12T22:02:06Z" finished-at="2020-08-12T22:02:37Z">
          <reporter-output>
          </reporter-output>
        </test-method> <!-- setUp -->
        <test-method status="PASS" signature="DemoTest()[pri:1, instance:com.crm.qa.testcases.LoginPageTest@6d00a15d]" name="DemoTest" duration-ms="6323" started-at="2020-08-12T22:02:37Z" finished-at="2020-08-12T22:02:43Z">
          <reporter-output>
          </reporter-output>
        </test-method> <!-- DemoTest -->
        <test-method status="PASS" signature="tearDown()[pri:0, instance:com.crm.qa.testcases.LoginPageTest@6d00a15d]" name="tearDown" is-config="true" duration-ms="1407" started-at="2020-08-12T22:02:43Z" finished-at="2020-08-12T22:02:44Z">
          <reporter-output>
          </reporter-output>
        </test-method> <!-- tearDown -->
        <test-method status="PASS" signature="setUp()[pri:0, instance:com.crm.qa.testcases.LoginPageTest@6d00a15d]" name="setUp" is-config="true" duration-ms="10816" started-at="2020-08-12T22:02:44Z" finished-at="2020-08-12T22:02:55Z">
          <reporter-output>
          </reporter-output>
        </test-method> <!-- setUp -->
        <test-method status="PASS" signature="loginTest()[pri:3, instance:com.crm.qa.testcases.LoginPageTest@6d00a15d]" name="loginTest" duration-ms="18576" started-at="2020-08-12T22:02:55Z" finished-at="2020-08-12T22:03:14Z">
          <reporter-output>
          </reporter-output>
        </test-method> <!-- loginTest -->
        <test-method status="PASS" signature="tearDown()[pri:0, instance:com.crm.qa.testcases.LoginPageTest@6d00a15d]" name="tearDown" is-config="true" duration-ms="941" started-at="2020-08-12T22:03:14Z" finished-at="2020-08-12T22:03:15Z">
          <reporter-output>
          </reporter-output>
        </test-method> <!-- tearDown -->
      </class> <!-- com.crm.qa.testcases.LoginPageTest -->
    </test> <!-- Free CRM App Test Cases -->
  </suite> <!-- FREE CRM Application Test Automation Test Suite -->
</testng-results>
