<?xml version="1.0" encoding="UTF-8"?>
<testsuite xmlns:xsi="http://www.w3.org/2001/XMLSchema-instance" xsi:noNamespaceSchemaLocation="https://maven.apache.org/surefire/maven-surefire-plugin/xsd/surefire-test-report.xsd" name="TestSuite" time="71.008" tests="2" errors="0" skipped="0" failures="0">
  <properties>
[...]
</properties>
  <testcase name="DemoTest" classname="com.crm.qa.testcases.LoginPageTest" time="6.322"/>
  <testcase name="loginTest" classname="com.crm.qa.testcases.LoginPageTest" time="18.574"/>
</testsuite>