<?xml version="1.0" encoding="UTF-8"?>
<testng-results skipped="0" failed="0" total="1" passed="1">
  <reporter-output>
  </reporter-output>
  <suite name="Default suite" duration-ms="18537" started-at="2020-08-11T17:46:23Z" finished-at="2020-08-11T17:46:41Z">
    <groups>
    </groups>
    <test name="Default test" duration-ms="18537" started-at="2020-08-11T17:46:23Z" finished-at="2020-08-11T17:46:41Z">
      <class name="com.crm.qa.testcases.LoginPageTest">
        <test-method status="PASS" signature="setUp()[pri:0, instance:com.crm.qa.testcases.LoginPageTest@2d928643]" name="setUp" is-config="true" duration-ms="16415" started-at="2020-08-11T23:16:23Z" finished-at="2020-08-11T23:16:39Z">
          <reporter-output>
          </reporter-output>
        </test-method> <!-- setUp -->
        <test-method status="PASS" signature="loginPageTitleTest()[pri:1, instance:com.crm.qa.testcases.LoginPageTest@2d928643]" name="loginPageTitleTest" duration-ms="1142" started-at="2020-08-11T23:16:39Z" finished-at="2020-08-11T23:16:41Z">
          <reporter-output>
          </reporter-output>
        </test-method> <!-- loginPageTitleTest -->
        <test-method status="PASS" signature="tearDown()[pri:0, instance:com.crm.qa.testcases.LoginPageTest@2d928643]" name="tearDown" is-config="true" duration-ms="956" started-at="2020-08-11T23:16:41Z" finished-at="2020-08-11T23:16:41Z">
          <reporter-output>
          </reporter-output>
        </test-method> <!-- tearDown -->
      </class> <!-- com.crm.qa.testcases.LoginPageTest -->
    </test> <!-- Default test -->
  </suite> <!-- Default suite -->
</testng-results>
